<?xml version="1.0" encoding="UTF-8"?>
<testng-results skipped="0" failed="0" ignored="0" total="2" passed="2">
  <reporter-output>
  </reporter-output>
  <suite name="Default suite" duration-ms="30691" started-at="2021-08-11T12:19:22 EET" finished-at="2021-08-11T12:19:53 EET">
    <groups>
    </groups>
    <test name="Default test" duration-ms="30691" started-at="2021-08-11T12:19:22 EET" finished-at="2021-08-11T12:19:53 EET">
      <class name="DeliverooFWTestCases.SearchTests">
        <test-method status="PASS" signature="startDriver()[pri:0, instance:DeliverooFWTestCases.SearchTests@458c1321]" name="startDriver" is-config="true" duration-ms="9430" started-at="2021-08-11T12:19:22 EET" finished-at="2021-08-11T12:19:32 EET">
          <reporter-output>
          </reporter-output>
        </test-method> <!-- startDriver -->
        <test-method status="PASS" signature="SearchForAddressHasNoDelivaryServiceTest()[pri:0, instance:DeliverooFWTestCases.SearchTests@458c1321]" name="SearchForAddressHasNoDelivaryServiceTest" duration-ms="3374" started-at="2021-08-11T12:19:32 EET" finished-at="2021-08-11T12:19:35 EET">
          <reporter-output>
          </reporter-output>
        </test-method> <!-- SearchForAddressHasNoDelivaryServiceTest -->
        <test-method status="PASS" signature="closeDriver()[pri:0, instance:DeliverooFWTestCases.SearchTests@458c1321]" name="closeDriver" is-config="true" duration-ms="1" started-at="2021-08-11T12:19:35 EET" finished-at="2021-08-11T12:19:35 EET">
          <reporter-output>
          </reporter-output>
        </test-method> <!-- closeDriver -->
        <test-method status="PASS" signature="startDriver()[pri:0, instance:DeliverooFWTestCases.SearchTests@458c1321]" name="startDriver" is-config="true" duration-ms="8121" started-at="2021-08-11T12:19:35 EET" finished-at="2021-08-11T12:19:43 EET">
          <reporter-output>
          </reporter-output>
        </test-method> <!-- startDriver -->
        <test-method status="PASS" signature="searchForAddressHasDelivaryServiceTest()[pri:0, instance:DeliverooFWTestCases.SearchTests@458c1321]" name="searchForAddressHasDelivaryServiceTest" duration-ms="9688" started-at="2021-08-11T12:19:43 EET" finished-at="2021-08-11T12:19:53 EET">
          <reporter-output>
          </reporter-output>
        </test-method> <!-- searchForAddressHasDelivaryServiceTest -->
        <test-method status="PASS" signature="closeDriver()[pri:0, instance:DeliverooFWTestCases.SearchTests@458c1321]" name="closeDriver" is-config="true" duration-ms="0" started-at="2021-08-11T12:19:53 EET" finished-at="2021-08-11T12:19:53 EET">
          <reporter-output>
          </reporter-output>
        </test-method> <!-- closeDriver -->
      </class> <!-- DeliverooFWTestCases.SearchTests -->
    </test> <!-- Default test -->
  </suite> <!-- Default suite -->
</testng-results>
