<?xml version="1.0" encoding="UTF-8"?>
<!-- Generated by org.testng.reporters.JUnitXMLReporter -->
<testsuite hostname="EQ-EQ7501603" ignored="0" name="Default test" tests="2" failures="0" timestamp="2021-08-11T12:19:53 EET" time="30.691" errors="0">
  <testcase name="SearchForAddressHasNoDelivaryServiceTest" time="3.374" classname="DeliverooFWTestCases.SearchTests"/>
  <testcase name="searchForAddressHasDelivaryServiceTest" time="9.688" classname="DeliverooFWTestCases.SearchTests"/>
</testsuite> <!-- Default test -->
